{"/Users/Ed/Projects/node-rock-paper-scissors-lizard-spock/Gruntfile.js":{"path":"/Users/Ed/Projects/node-rock-paper-scissors-lizard-spock/Gruntfile.js","s":{"1":1,"2":1,"3":1,"4":1,"5":1,"6":1,"7":1},"b":{},"f":{"1":1},"fnMap":{"1":{"name":"(anonymous_1)","line":1,"loc":{"start":{"line":1,"column":17},"end":{"line":1,"column":32}}}},"statementMap":{"1":{"start":{"line":1,"column":0},"end":{"line":42,"column":2}},"2":{"start":{"line":3,"column":2},"end":{"line":33,"column":5}},"3":{"start":{"line":35,"column":2},"end":{"line":35,"column":43}},"4":{"start":{"line":36,"column":2},"end":{"line":36,"column":45}},"5":{"start":{"line":37,"column":2},"end":{"line":37,"column":44}},"6":{"start":{"line":38,"column":2},"end":{"line":38,"column":46}},"7":{"start":{"line":40,"column":2},"end":{"line":40,"column":55}}},"branchMap":{}}}